{"C:\\Users\\luisc.DESKTOP-LGM74MM\\Documents\\PROYECTOS PROGRAMACION\\ibime-connect\\backend\\src\\app.ts": {"path":"C:\\Users\\luisc.DESKTOP-LGM74MM\\Documents\\PROYECTOS PROGRAMACION\\ibime-connect\\backend\\src\\app.ts","statementMap":{"0":{"start":{"line":10,"column":6},"end":{"line":10,"column":21}},"1":{"start":{"line":13,"column":0},"end":{"line":16,"column":null}},"2":{"start":{"line":18,"column":0},"end":{"line":18,"column":null}},"3":{"start":{"line":20,"column":6},"end":{"line":26,"column":2}},"4":{"start":{"line":28,"column":6},"end":{"line":32,"column":2}},"5":{"start":{"line":34,"column":0},"end":{"line":37,"column":null}},"6":{"start":{"line":35,"column":2},"end":{"line":35,"column":null}},"7":{"start":{"line":36,"column":2},"end":{"line":36,"column":null}},"8":{"start":{"line":39,"column":0},"end":{"line":39,"column":null}},"9":{"start":{"line":41,"column":0},"end":{"line":43,"column":null}},"10":{"start":{"line":42,"column":2},"end":{"line":42,"column":null}},"11":{"start":{"line":45,"column":0},"end":{"line":45,"column":null}},"12":{"start":{"line":46,"column":0},"end":{"line":46,"column":null}},"13":{"start":{"line":48,"column":0},"end":{"line":48,"column":null}}},"fnMap":{"0":{"name":"(anonymous_0)","decl":{"start":{"line":34,"column":4},"end":{"line":34,"column":9}},"loc":{"start":{"line":34,"column":28},"end":{"line":37,"column":null}},"line":34},"1":{"name":"(anonymous_1)","decl":{"start":{"line":41,"column":8},"end":{"line":41,"column":14}},"loc":{"start":{"line":41,"column":27},"end":{"line":43,"column":null}},"line":41}},"branchMap":{},"s":{"0":1,"1":1,"2":1,"3":1,"4":1,"5":1,"6":3,"7":3,"8":1,"9":1,"10":1,"11":1,"12":1,"13":1},"f":{"0":3,"1":1},"b":{},"meta":{"lastBranch":0,"lastFunction":2,"lastStatement":14,"seen":{"s:10:6:10:21":0,"s:13:0:16:Infinity":1,"s:18:0:18:Infinity":2,"s:20:6:26:2":3,"s:28:6:32:2":4,"s:34:0:37:Infinity":5,"f:34:4:34:9":0,"s:35:2:35:Infinity":6,"s:36:2:36:Infinity":7,"s:39:0:39:Infinity":8,"s:41:0:43:Infinity":9,"f:41:8:41:14":1,"s:42:2:42:Infinity":10,"s:45:0:45:Infinity":11,"s:46:0:46:Infinity":12,"s:48:0:48:Infinity":13}}}
,"C:\\Users\\luisc.DESKTOP-LGM74MM\\Documents\\PROYECTOS PROGRAMACION\\ibime-connect\\backend\\src\\config\\env.config.ts": {"path":"C:\\Users\\luisc.DESKTOP-LGM74MM\\Documents\\PROYECTOS PROGRAMACION\\ibime-connect\\backend\\src\\config\\env.config.ts","statementMap":{"0":{"start":{"line":7,"column":6},"end":{"line":7,"column":49}},"1":{"start":{"line":8,"column":18},"end":{"line":8,"column":42}},"2":{"start":{"line":11,"column":16},"end":{"line":11,"column":53}},"3":{"start":{"line":12,"column":15},"end":{"line":12,"column":47}},"4":{"start":{"line":14,"column":0},"end":{"line":17,"column":null}},"5":{"start":{"line":15,"column":2},"end":{"line":15,"column":null}},"6":{"start":{"line":17,"column":2},"end":{"line":17,"column":null}},"7":{"start":{"line":20,"column":19},"end":{"line":30,"column":null}},"8":{"start":{"line":33,"column":21},"end":{"line":39,"column":null}},"9":{"start":{"line":41,"column":0},"end":{"line":44,"column":null}},"10":{"start":{"line":42,"column":2},"end":{"line":44,"column":null}},"11":{"start":{"line":43,"column":4},"end":{"line":43,"column":null}},"12":{"start":{"line":44,"column":4},"end":{"line":44,"column":null}}},"fnMap":{},"branchMap":{"0":{"loc":{"start":{"line":14,"column":0},"end":{"line":17,"column":null}},"type":"if","locations":[{"start":{"line":14,"column":0},"end":{"line":17,"column":null}},{"start":{"line":16,"column":7},"end":{"line":17,"column":null}}],"line":14},"1":{"loc":{"start":{"line":21,"column":8},"end":{"line":21,"column":null}},"type":"binary-expr","locations":[{"start":{"line":21,"column":8},"end":{"line":21,"column":28}},{"start":{"line":21,"column":28},"end":{"line":21,"column":null}}],"line":21},"2":{"loc":{"start":{"line":28,"column":16},"end":{"line":28,"column":null}},"type":"binary-expr","locations":[{"start":{"line":28,"column":16},"end":{"line":28,"column":44}},{"start":{"line":28,"column":44},"end":{"line":28,"column":null}}],"line":28},"3":{"loc":{"start":{"line":29,"column":13},"end":{"line":29,"column":null}},"type":"binary-expr","locations":[{"start":{"line":29,"column":13},"end":{"line":29,"column":38}},{"start":{"line":29,"column":38},"end":{"line":29,"column":null}}],"line":29},"4":{"loc":{"start":{"line":42,"column":2},"end":{"line":44,"column":null}},"type":"if","locations":[{"start":{"line":42,"column":2},"end":{"line":44,"column":null}},{"start":{},"end":{}}],"line":42}},"s":{"0":2,"1":2,"2":2,"3":2,"4":2,"5":0,"6":2,"7":2,"8":2,"9":2,"10":10,"11":0,"12":0},"f":{},"b":{"0":[0,2],"1":[2,0],"2":[2,0],"3":[2,2],"4":[0,10]},"meta":{"lastBranch":5,"lastFunction":0,"lastStatement":13,"seen":{"s:7:6:7:49":0,"s:8:18:8:42":1,"s:11:16:11:53":2,"s:12:15:12:47":3,"b:14:0:17:Infinity:16:7:17:Infinity":0,"s:14:0:17:Infinity":4,"s:15:2:15:Infinity":5,"s:17:2:17:Infinity":6,"s:20:19:30:Infinity":7,"b:21:8:21:28:21:28:21:Infinity":1,"b:28:16:28:44:28:44:28:Infinity":2,"b:29:13:29:38:29:38:29:Infinity":3,"s:33:21:39:Infinity":8,"s:41:0:44:Infinity":9,"b:42:2:44:Infinity:undefined:undefined:undefined:undefined":4,"s:42:2:44:Infinity":10,"s:43:4:43:Infinity":11,"s:44:4:44:Infinity":12}}}
,"C:\\Users\\luisc.DESKTOP-LGM74MM\\Documents\\PROYECTOS PROGRAMACION\\ibime-connect\\backend\\src\\config\\supabase.config.ts": {"path":"C:\\Users\\luisc.DESKTOP-LGM74MM\\Documents\\PROYECTOS PROGRAMACION\\ibime-connect\\backend\\src\\config\\supabase.config.ts","statementMap":{"0":{"start":{"line":4,"column":13},"end":{"line":11,"column":null}}},"fnMap":{},"branchMap":{},"s":{"0":1},"f":{},"b":{},"meta":{"lastBranch":0,"lastFunction":0,"lastStatement":1,"seen":{"s:4:13:11:Infinity":0}}}
,"C:\\Users\\luisc.DESKTOP-LGM74MM\\Documents\\PROYECTOS PROGRAMACION\\ibime-connect\\backend\\src\\controllers\\chat.controller.ts": {"path":"C:\\Users\\luisc.DESKTOP-LGM74MM\\Documents\\PROYECTOS PROGRAMACION\\ibime-connect\\backend\\src\\controllers\\chat.controller.ts","statementMap":{"0":{"start":{"line":13,"column":22},"end":{"line":44,"column":null}},"1":{"start":{"line":10,"column":4},"end":{"line":10,"column":null}},"2":{"start":{"line":14,"column":23},"end":{"line":14,"column":null}},"3":{"start":{"line":15,"column":4},"end":{"line":15,"column":null}},"4":{"start":{"line":17,"column":4},"end":{"line":44,"column":null}},"5":{"start":{"line":18,"column":22},"end":{"line":18,"column":null}},"6":{"start":{"line":20,"column":6},"end":{"line":29,"column":null}},"7":{"start":{"line":21,"column":25},"end":{"line":21,"column":null}},"8":{"start":{"line":22,"column":28},"end":{"line":22,"column":null}},"9":{"start":{"line":23,"column":8},"end":{"line":29,"column":null}},"10":{"start":{"line":25,"column":70},"end":{"line":28,"column":null}},"11":{"start":{"line":32,"column":25},"end":{"line":32,"column":63}},"12":{"start":{"line":33,"column":6},"end":{"line":37,"column":null}},"13":{"start":{"line":34,"column":8},"end":{"line":37,"column":null}},"14":{"start":{"line":40,"column":27},"end":{"line":40,"column":89}},"15":{"start":{"line":42,"column":6},"end":{"line":42,"column":null}},"16":{"start":{"line":44,"column":6},"end":{"line":44,"column":null}}},"fnMap":{"0":{"name":"(anonymous_0)","decl":{"start":{"line":9,"column":2},"end":{"line":9,"column":14}},"loc":{"start":{"line":9,"column":41},"end":{"line":10,"column":null}},"line":9},"1":{"name":"(anonymous_1)","decl":{"start":{"line":13,"column":22},"end":{"line":13,"column":29}},"loc":{"start":{"line":13,"column":81},"end":{"line":44,"column":null}},"line":13},"2":{"name":"(anonymous_2)","decl":{"start":{"line":25,"column":53},"end":{"line":25,"column":58}},"loc":{"start":{"line":25,"column":70},"end":{"line":28,"column":null}},"line":25}},"branchMap":{"0":{"loc":{"start":{"line":10,"column":23},"end":{"line":10,"column":83}},"type":"binary-expr","locations":[{"start":{"line":10,"column":23},"end":{"line":10,"column":38}},{"start":{"line":10,"column":38},"end":{"line":10,"column":83}}],"line":10},"1":{"loc":{"start":{"line":20,"column":6},"end":{"line":29,"column":null}},"type":"if","locations":[{"start":{"line":20,"column":6},"end":{"line":29,"column":null}},{"start":{},"end":{}}],"line":20},"2":{"loc":{"start":{"line":20,"column":10},"end":{"line":20,"column":54}},"type":"binary-expr","locations":[{"start":{"line":20,"column":10},"end":{"line":20,"column":31}},{"start":{"line":20,"column":31},"end":{"line":20,"column":54}}],"line":20},"3":{"loc":{"start":{"line":24,"column":23},"end":{"line":24,"column":null}},"type":"binary-expr","locations":[{"start":{"line":24,"column":23},"end":{"line":24,"column":44}},{"start":{"line":24,"column":44},"end":{"line":24,"column":68}},{"start":{"line":24,"column":68},"end":{"line":24,"column":null}}],"line":24},"4":{"loc":{"start":{"line":27,"column":18},"end":{"line":27,"column":null}},"type":"binary-expr","locations":[{"start":{"line":27,"column":18},"end":{"line":27,"column":28}},{"start":{"line":27,"column":28},"end":{"line":27,"column":41}},{"start":{"line":27,"column":41},"end":{"line":27,"column":null}}],"line":27},"5":{"loc":{"start":{"line":33,"column":6},"end":{"line":37,"column":null}},"type":"if","locations":[{"start":{"line":33,"column":6},"end":{"line":37,"column":null}},{"start":{},"end":{}}],"line":33}},"s":{"0":1,"1":1,"2":1,"3":1,"4":1,"5":1,"6":1,"7":0,"8":0,"9":0,"10":0,"11":1,"12":1,"13":1,"14":0,"15":0,"16":0},"f":{"0":1,"1":1,"2":0},"b":{"0":[1,1],"1":[0,1],"2":[1,0],"3":[0,0,0],"4":[0,0,0],"5":[1,0]},"meta":{"lastBranch":6,"lastFunction":3,"lastStatement":17,"seen":{"s:13:22:44:Infinity":0,"f:9:2:9:14":0,"s:10:4:10:Infinity":1,"b:10:23:10:38:10:38:10:83":0,"f:13:22:13:29":1,"s:14:23:14:Infinity":2,"s:15:4:15:Infinity":3,"s:17:4:44:Infinity":4,"s:18:22:18:Infinity":5,"b:20:6:29:Infinity:undefined:undefined:undefined:undefined":1,"s:20:6:29:Infinity":6,"b:20:10:20:31:20:31:20:54":2,"s:21:25:21:Infinity":7,"s:22:28:22:Infinity":8,"s:23:8:29:Infinity":9,"b:24:23:24:44:24:44:24:68:24:68:24:Infinity":3,"f:25:53:25:58":2,"s:25:70:28:Infinity":10,"b:27:18:27:28:27:28:27:41:27:41:27:Infinity":4,"s:32:25:32:63":11,"b:33:6:37:Infinity:undefined:undefined:undefined:undefined":5,"s:33:6:37:Infinity":12,"s:34:8:37:Infinity":13,"s:40:27:40:89":14,"s:42:6:42:Infinity":15,"s:44:6:44:Infinity":16}}}
,"C:\\Users\\luisc.DESKTOP-LGM74MM\\Documents\\PROYECTOS PROGRAMACION\\ibime-connect\\backend\\src\\controllers\\contact.controller.ts": {"path":"C:\\Users\\luisc.DESKTOP-LGM74MM\\Documents\\PROYECTOS PROGRAMACION\\ibime-connect\\backend\\src\\controllers\\contact.controller.ts","statementMap":{"0":{"start":{"line":8,"column":21},"end":{"line":24,"column":null}},"1":{"start":{"line":6,"column":22},"end":{"line":6,"column":39}},"2":{"start":{"line":9,"column":4},"end":{"line":24,"column":null}},"3":{"start":{"line":10,"column":25},"end":{"line":10,"column":71}},"4":{"start":{"line":12,"column":6},"end":{"line":16,"column":null}},"5":{"start":{"line":13,"column":8},"end":{"line":16,"column":null}},"6":{"start":{"line":19,"column":6},"end":{"line":19,"column":null}},"7":{"start":{"line":21,"column":6},"end":{"line":21,"column":null}},"8":{"start":{"line":24,"column":6},"end":{"line":24,"column":null}}},"fnMap":{"0":{"name":"(anonymous_0)","decl":{"start":{"line":6,"column":2},"end":{"line":6,"column":14}},"loc":{"start":{"line":6,"column":39},"end":{"line":6,"column":39}},"line":6},"1":{"name":"(anonymous_1)","decl":{"start":{"line":8,"column":21},"end":{"line":8,"column":28}},"loc":{"start":{"line":8,"column":80},"end":{"line":24,"column":null}},"line":8}},"branchMap":{"0":{"loc":{"start":{"line":12,"column":6},"end":{"line":16,"column":null}},"type":"if","locations":[{"start":{"line":12,"column":6},"end":{"line":16,"column":null}},{"start":{},"end":{}}],"line":12}},"s":{"0":0,"1":0,"2":0,"3":0,"4":0,"5":0,"6":0,"7":0,"8":0},"f":{"0":0,"1":0},"b":{"0":[0,0]},"meta":{"lastBranch":1,"lastFunction":2,"lastStatement":9,"seen":{"s:8:21:24:Infinity":0,"f:6:2:6:14":0,"s:6:22:6:39":1,"f:8:21:8:28":1,"s:9:4:24:Infinity":2,"s:10:25:10:71":3,"b:12:6:16:Infinity:undefined:undefined:undefined:undefined":0,"s:12:6:16:Infinity":4,"s:13:8:16:Infinity":5,"s:19:6:19:Infinity":6,"s:21:6:21:Infinity":7,"s:24:6:24:Infinity":8}}}
,"C:\\Users\\luisc.DESKTOP-LGM74MM\\Documents\\PROYECTOS PROGRAMACION\\ibime-connect\\backend\\src\\controllers\\registration.controller.ts": {"path":"C:\\Users\\luisc.DESKTOP-LGM74MM\\Documents\\PROYECTOS PROGRAMACION\\ibime-connect\\backend\\src\\controllers\\registration.controller.ts","statementMap":{"0":{"start":{"line":8,"column":23},"end":{"line":24,"column":null}},"1":{"start":{"line":6,"column":22},"end":{"line":6,"column":39}},"2":{"start":{"line":9,"column":4},"end":{"line":24,"column":null}},"3":{"start":{"line":10,"column":25},"end":{"line":10,"column":75}},"4":{"start":{"line":12,"column":6},"end":{"line":16,"column":null}},"5":{"start":{"line":13,"column":8},"end":{"line":16,"column":null}},"6":{"start":{"line":19,"column":6},"end":{"line":19,"column":null}},"7":{"start":{"line":21,"column":6},"end":{"line":21,"column":null}},"8":{"start":{"line":24,"column":6},"end":{"line":24,"column":null}}},"fnMap":{"0":{"name":"(anonymous_0)","decl":{"start":{"line":6,"column":2},"end":{"line":6,"column":14}},"loc":{"start":{"line":6,"column":39},"end":{"line":6,"column":39}},"line":6},"1":{"name":"(anonymous_1)","decl":{"start":{"line":8,"column":23},"end":{"line":8,"column":30}},"loc":{"start":{"line":8,"column":82},"end":{"line":24,"column":null}},"line":8}},"branchMap":{"0":{"loc":{"start":{"line":12,"column":6},"end":{"line":16,"column":null}},"type":"if","locations":[{"start":{"line":12,"column":6},"end":{"line":16,"column":null}},{"start":{},"end":{}}],"line":12}},"s":{"0":1,"1":1,"2":1,"3":1,"4":1,"5":1,"6":0,"7":0,"8":0},"f":{"0":1,"1":1},"b":{"0":[1,0]},"meta":{"lastBranch":1,"lastFunction":2,"lastStatement":9,"seen":{"s:8:23:24:Infinity":0,"f:6:2:6:14":0,"s:6:22:6:39":1,"f:8:23:8:30":1,"s:9:4:24:Infinity":2,"s:10:25:10:75":3,"b:12:6:16:Infinity:undefined:undefined:undefined:undefined":0,"s:12:6:16:Infinity":4,"s:13:8:16:Infinity":5,"s:19:6:19:Infinity":6,"s:21:6:21:Infinity":7,"s:24:6:24:Infinity":8}}}
,"C:\\Users\\luisc.DESKTOP-LGM74MM\\Documents\\PROYECTOS PROGRAMACION\\ibime-connect\\backend\\src\\infrastructure\\cache\\cache.service.ts": {"path":"C:\\Users\\luisc.DESKTOP-LGM74MM\\Documents\\PROYECTOS PROGRAMACION\\ibime-connect\\backend\\src\\infrastructure\\cache\\cache.service.ts","statementMap":{"0":{"start":{"line":12,"column":40},"end":{"line":12,"column":null}},"1":{"start":{"line":15,"column":10},"end":{"line":15,"column":43}},"2":{"start":{"line":17,"column":4},"end":{"line":31,"column":null}},"3":{"start":{"line":18,"column":6},"end":{"line":18,"column":null}},"4":{"start":{"line":18,"column":31},"end":{"line":18,"column":null}},"5":{"start":{"line":20,"column":21},"end":{"line":20,"column":47}},"6":{"start":{"line":21,"column":6},"end":{"line":23,"column":null}},"7":{"start":{"line":22,"column":8},"end":{"line":22,"column":null}},"8":{"start":{"line":23,"column":8},"end":{"line":23,"column":null}},"9":{"start":{"line":26,"column":21},"end":{"line":26,"column":39}},"10":{"start":{"line":27,"column":6},"end":{"line":27,"column":null}},"11":{"start":{"line":28,"column":6},"end":{"line":28,"column":null}},"12":{"start":{"line":30,"column":6},"end":{"line":30,"column":null}},"13":{"start":{"line":31,"column":6},"end":{"line":31,"column":null}},"14":{"start":{"line":36,"column":10},"end":{"line":36,"column":43}},"15":{"start":{"line":37,"column":16},"end":{"line":37,"column":null}},"16":{"start":{"line":39,"column":4},"end":{"line":45,"column":null}},"17":{"start":{"line":40,"column":6},"end":{"line":40,"column":null}},"18":{"start":{"line":40,"column":31},"end":{"line":40,"column":null}},"19":{"start":{"line":42,"column":6},"end":{"line":42,"column":null}},"20":{"start":{"line":43,"column":6},"end":{"line":43,"column":null}},"21":{"start":{"line":45,"column":6},"end":{"line":45,"column":null}},"22":{"start":{"line":50,"column":10},"end":{"line":50,"column":43}},"23":{"start":{"line":52,"column":4},"end":{"line":58,"column":null}},"24":{"start":{"line":53,"column":6},"end":{"line":53,"column":null}},"25":{"start":{"line":53,"column":31},"end":{"line":53,"column":null}},"26":{"start":{"line":55,"column":6},"end":{"line":55,"column":null}},"27":{"start":{"line":56,"column":6},"end":{"line":56,"column":null}},"28":{"start":{"line":58,"column":6},"end":{"line":58,"column":null}},"29":{"start":{"line":63,"column":10},"end":{"line":63,"column":43}},"30":{"start":{"line":65,"column":4},"end":{"line":71,"column":null}},"31":{"start":{"line":66,"column":6},"end":{"line":66,"column":null}},"32":{"start":{"line":66,"column":31},"end":{"line":66,"column":null}},"33":{"start":{"line":68,"column":6},"end":{"line":68,"column":null}},"34":{"start":{"line":69,"column":6},"end":{"line":69,"column":null}},"35":{"start":{"line":71,"column":6},"end":{"line":71,"column":null}}},"fnMap":{"0":{"name":"(anonymous_0)","decl":{"start":{"line":14,"column":8},"end":{"line":14,"column":15}},"loc":{"start":{"line":14,"column":67},"end":{"line":31,"column":null}},"line":14},"1":{"name":"(anonymous_1)","decl":{"start":{"line":35,"column":8},"end":{"line":35,"column":15}},"loc":{"start":{"line":35,"column":94},"end":{"line":45,"column":null}},"line":35},"2":{"name":"(anonymous_2)","decl":{"start":{"line":49,"column":8},"end":{"line":49,"column":12}},"loc":{"start":{"line":49,"column":60},"end":{"line":58,"column":null}},"line":49},"3":{"name":"(anonymous_3)","decl":{"start":{"line":62,"column":8},"end":{"line":62,"column":14}},"loc":{"start":{"line":62,"column":49},"end":{"line":71,"column":null}},"line":62}},"branchMap":{"0":{"loc":{"start":{"line":18,"column":6},"end":{"line":18,"column":null}},"type":"if","locations":[{"start":{"line":18,"column":6},"end":{"line":18,"column":null}},{"start":{},"end":{}}],"line":18},"1":{"loc":{"start":{"line":21,"column":6},"end":{"line":23,"column":null}},"type":"if","locations":[{"start":{"line":21,"column":6},"end":{"line":23,"column":null}},{"start":{},"end":{}}],"line":21},"2":{"loc":{"start":{"line":37,"column":16},"end":{"line":37,"column":null}},"type":"binary-expr","locations":[{"start":{"line":37,"column":16},"end":{"line":37,"column":30}},{"start":{"line":37,"column":30},"end":{"line":37,"column":null}}],"line":37},"3":{"loc":{"start":{"line":40,"column":6},"end":{"line":40,"column":null}},"type":"if","locations":[{"start":{"line":40,"column":6},"end":{"line":40,"column":null}},{"start":{},"end":{}}],"line":40},"4":{"loc":{"start":{"line":53,"column":6},"end":{"line":53,"column":null}},"type":"if","locations":[{"start":{"line":53,"column":6},"end":{"line":53,"column":null}},{"start":{},"end":{}}],"line":53},"5":{"loc":{"start":{"line":66,"column":6},"end":{"line":66,"column":null}},"type":"if","locations":[{"start":{"line":66,"column":6},"end":{"line":66,"column":null}},{"start":{},"end":{}}],"line":66}},"s":{"0":1,"1":0,"2":0,"3":0,"4":0,"5":0,"6":0,"7":0,"8":0,"9":0,"10":0,"11":0,"12":0,"13":0,"14":0,"15":0,"16":0,"17":0,"18":0,"19":0,"20":0,"21":0,"22":0,"23":0,"24":0,"25":0,"26":0,"27":0,"28":0,"29":0,"30":0,"31":0,"32":0,"33":0,"34":0,"35":0},"f":{"0":0,"1":0,"2":0,"3":0},"b":{"0":[0,0],"1":[0,0],"2":[0,0],"3":[0,0],"4":[0,0],"5":[0,0]},"meta":{"lastBranch":6,"lastFunction":4,"lastStatement":36,"seen":{"s:12:40:12:Infinity":0,"f:14:8:14:15":0,"s:15:10:15:43":1,"s:17:4:31:Infinity":2,"b:18:6:18:Infinity:undefined:undefined:undefined:undefined":0,"s:18:6:18:Infinity":3,"s:18:31:18:Infinity":4,"s:20:21:20:47":5,"b:21:6:23:Infinity:undefined:undefined:undefined:undefined":1,"s:21:6:23:Infinity":6,"s:22:8:22:Infinity":7,"s:23:8:23:Infinity":8,"s:26:21:26:39":9,"s:27:6:27:Infinity":10,"s:28:6:28:Infinity":11,"s:30:6:30:Infinity":12,"s:31:6:31:Infinity":13,"f:35:8:35:15":1,"s:36:10:36:43":14,"s:37:16:37:Infinity":15,"b:37:16:37:30:37:30:37:Infinity":2,"s:39:4:45:Infinity":16,"b:40:6:40:Infinity:undefined:undefined:undefined:undefined":3,"s:40:6:40:Infinity":17,"s:40:31:40:Infinity":18,"s:42:6:42:Infinity":19,"s:43:6:43:Infinity":20,"s:45:6:45:Infinity":21,"f:49:8:49:12":2,"s:50:10:50:43":22,"s:52:4:58:Infinity":23,"b:53:6:53:Infinity:undefined:undefined:undefined:undefined":4,"s:53:6:53:Infinity":24,"s:53:31:53:Infinity":25,"s:55:6:55:Infinity":26,"s:56:6:56:Infinity":27,"s:58:6:58:Infinity":28,"f:62:8:62:14":3,"s:63:10:63:43":29,"s:65:4:71:Infinity":30,"b:66:6:66:Infinity:undefined:undefined:undefined:undefined":5,"s:66:6:66:Infinity":31,"s:66:31:66:Infinity":32,"s:68:6:68:Infinity":33,"s:69:6:69:Infinity":34,"s:71:6:71:Infinity":35}}}
,"C:\\Users\\luisc.DESKTOP-LGM74MM\\Documents\\PROYECTOS PROGRAMACION\\ibime-connect\\backend\\src\\infrastructure\\cache\\redis.ts": {"path":"C:\\Users\\luisc.DESKTOP-LGM74MM\\Documents\\PROYECTOS PROGRAMACION\\ibime-connect\\backend\\src\\infrastructure\\cache\\redis.ts","statementMap":{"0":{"start":{"line":5,"column":13},"end":{"line":7,"column":2}},"1":{"start":{"line":9,"column":0},"end":{"line":9,"column":null}},"2":{"start":{"line":9,"column":33},"end":{"line":9,"column":76}},"3":{"start":{"line":10,"column":0},"end":{"line":10,"column":null}},"4":{"start":{"line":10,"column":32},"end":{"line":10,"column":62}},"5":{"start":{"line":13,"column":2},"end":{"line":18,"column":null}},"6":{"start":{"line":14,"column":4},"end":{"line":15,"column":null}},"7":{"start":{"line":15,"column":6},"end":{"line":15,"column":null}},"8":{"start":{"line":18,"column":4},"end":{"line":18,"column":null}},"9":{"start":{"line":24,"column":2},"end":{"line":25,"column":null}},"10":{"start":{"line":25,"column":4},"end":{"line":25,"column":null}}},"fnMap":{"0":{"name":"(anonymous_0)","decl":{"start":{"line":9,"column":15},"end":{"line":9,"column":25}},"loc":{"start":{"line":9,"column":33},"end":{"line":9,"column":76}},"line":9},"1":{"name":"(anonymous_1)","decl":{"start":{"line":10,"column":15},"end":{"line":10,"column":32}},"loc":{"start":{"line":10,"column":32},"end":{"line":10,"column":62}},"line":10},"2":{"name":"connectRedis","decl":{"start":{"line":12,"column":22},"end":{"line":12,"column":37}},"loc":{"start":{"line":12,"column":37},"end":{"line":18,"column":null}},"line":12},"3":{"name":"disconnectRedis","decl":{"start":{"line":23,"column":22},"end":{"line":23,"column":40}},"loc":{"start":{"line":23,"column":40},"end":{"line":25,"column":null}},"line":23}},"branchMap":{"0":{"loc":{"start":{"line":6,"column":7},"end":{"line":6,"column":null}},"type":"binary-expr","locations":[{"start":{"line":6,"column":7},"end":{"line":6,"column":24}},{"start":{"line":6,"column":24},"end":{"line":6,"column":null}}],"line":6},"1":{"loc":{"start":{"line":14,"column":4},"end":{"line":15,"column":null}},"type":"if","locations":[{"start":{"line":14,"column":4},"end":{"line":15,"column":null}},{"start":{},"end":{}}],"line":14},"2":{"loc":{"start":{"line":24,"column":2},"end":{"line":25,"column":null}},"type":"if","locations":[{"start":{"line":24,"column":2},"end":{"line":25,"column":null}},{"start":{},"end":{}}],"line":24}},"s":{"0":1,"1":1,"2":0,"3":1,"4":0,"5":0,"6":0,"7":0,"8":0,"9":0,"10":0},"f":{"0":0,"1":0,"2":0,"3":0},"b":{"0":[1,0],"1":[0,0],"2":[0,0]},"meta":{"lastBranch":3,"lastFunction":4,"lastStatement":11,"seen":{"s:5:13:7:2":0,"b:6:7:6:24:6:24:6:Infinity":0,"s:9:0:9:Infinity":1,"f:9:15:9:25":0,"s:9:33:9:76":2,"s:10:0:10:Infinity":3,"f:10:15:10:32":1,"s:10:32:10:62":4,"f:12:22:12:37":2,"s:13:2:18:Infinity":5,"b:14:4:15:Infinity:undefined:undefined:undefined:undefined":1,"s:14:4:15:Infinity":6,"s:15:6:15:Infinity":7,"s:18:4:18:Infinity":8,"f:23:22:23:40":3,"b:24:2:25:Infinity:undefined:undefined:undefined:undefined":2,"s:24:2:25:Infinity":9,"s:25:4:25:Infinity":10}}}
,"C:\\Users\\luisc.DESKTOP-LGM74MM\\Documents\\PROYECTOS PROGRAMACION\\ibime-connect\\backend\\src\\infrastructure\\di\\container.ts": {"path":"C:\\Users\\luisc.DESKTOP-LGM74MM\\Documents\\PROYECTOS PROGRAMACION\\ibime-connect\\backend\\src\\infrastructure\\di\\container.ts","statementMap":{"0":{"start":{"line":15,"column":0},"end":{"line":15,"column":null}},"1":{"start":{"line":16,"column":0},"end":{"line":16,"column":null}},"2":{"start":{"line":17,"column":0},"end":{"line":17,"column":null}},"3":{"start":{"line":19,"column":0},"end":{"line":26,"column":null}},"4":{"start":{"line":21,"column":4},"end":{"line":24,"column":null}},"5":{"start":{"line":28,"column":0},"end":{"line":35,"column":null}},"6":{"start":{"line":30,"column":4},"end":{"line":33,"column":null}}},"fnMap":{"0":{"name":"(anonymous_0)","decl":{"start":{"line":20,"column":2},"end":{"line":20,"column":15}},"loc":{"start":{"line":20,"column":21},"end":{"line":26,"column":2}},"line":20},"1":{"name":"(anonymous_1)","decl":{"start":{"line":29,"column":2},"end":{"line":29,"column":15}},"loc":{"start":{"line":29,"column":21},"end":{"line":35,"column":2}},"line":29}},"branchMap":{},"s":{"0":1,"1":1,"2":1,"3":1,"4":1,"5":1,"6":1},"f":{"0":1,"1":1},"b":{},"meta":{"lastBranch":0,"lastFunction":2,"lastStatement":7,"seen":{"s:15:0:15:Infinity":0,"s:16:0:16:Infinity":1,"s:17:0:17:Infinity":2,"s:19:0:26:Infinity":3,"f:20:2:20:15":0,"s:21:4:24:Infinity":4,"s:28:0:35:Infinity":5,"f:29:2:29:15":1,"s:30:4:33:Infinity":6}}}
,"C:\\Users\\luisc.DESKTOP-LGM74MM\\Documents\\PROYECTOS PROGRAMACION\\ibime-connect\\backend\\src\\infrastructure\\logger\\index.ts": {"path":"C:\\Users\\luisc.DESKTOP-LGM74MM\\Documents\\PROYECTOS PROGRAMACION\\ibime-connect\\backend\\src\\infrastructure\\logger\\index.ts","statementMap":{"0":{"start":{"line":3,"column":6},"end":{"line":3,"column":null}},"1":{"start":{"line":5,"column":19},"end":{"line":17,"column":null}},"2":{"start":{"line":19,"column":13},"end":{"line":19,"column":38}},"3":{"start":{"line":22,"column":20},"end":{"line":22,"column":null}},"4":{"start":{"line":23,"column":2},"end":{"line":23,"column":null}},"5":{"start":{"line":24,"column":2},"end":{"line":24,"column":null}},"6":{"start":{"line":26,"column":2},"end":{"line":29,"column":null}},"7":{"start":{"line":31,"column":23},"end":{"line":31,"column":null}},"8":{"start":{"line":32,"column":2},"end":{"line":37,"column":null}},"9":{"start":{"line":33,"column":4},"end":{"line":36,"column":null}},"10":{"start":{"line":37,"column":4},"end":{"line":37,"column":null}},"11":{"start":{"line":40,"column":2},"end":{"line":40,"column":null}},"12":{"start":{"line":44,"column":2},"end":{"line":49,"column":null}},"13":{"start":{"line":45,"column":39},"end":{"line":45,"column":79}},"14":{"start":{"line":46,"column":41},"end":{"line":46,"column":80}},"15":{"start":{"line":47,"column":39},"end":{"line":47,"column":79}},"16":{"start":{"line":48,"column":40},"end":{"line":48,"column":null}}},"fnMap":{"0":{"name":"requestLoggerMiddleware","decl":{"start":{"line":21,"column":16},"end":{"line":21,"column":40}},"loc":{"start":{"line":21,"column":71},"end":{"line":40,"column":null}},"line":21},"1":{"name":"(anonymous_1)","decl":{"start":{"line":32,"column":13},"end":{"line":32,"column":23}},"loc":{"start":{"line":32,"column":34},"end":{"line":37,"column":null}},"line":32},"2":{"name":"contextLogger","decl":{"start":{"line":43,"column":16},"end":{"line":43,"column":30}},"loc":{"start":{"line":43,"column":50},"end":{"line":49,"column":null}},"line":43},"3":{"name":"(anonymous_3)","decl":{"start":{"line":45,"column":4},"end":{"line":45,"column":11}},"loc":{"start":{"line":45,"column":39},"end":{"line":45,"column":79}},"line":45},"4":{"name":"(anonymous_4)","decl":{"start":{"line":46,"column":4},"end":{"line":46,"column":12}},"loc":{"start":{"line":46,"column":41},"end":{"line":46,"column":80}},"line":46},"5":{"name":"(anonymous_5)","decl":{"start":{"line":47,"column":4},"end":{"line":47,"column":11}},"loc":{"start":{"line":47,"column":39},"end":{"line":47,"column":79}},"line":47},"6":{"name":"(anonymous_6)","decl":{"start":{"line":48,"column":4},"end":{"line":48,"column":12}},"loc":{"start":{"line":48,"column":40},"end":{"line":48,"column":null}},"line":48}},"branchMap":{"0":{"loc":{"start":{"line":3,"column":6},"end":{"line":3,"column":null}},"type":"binary-expr","locations":[{"start":{"line":3,"column":6},"end":{"line":3,"column":56}},{"start":{"line":3,"column":56},"end":{"line":3,"column":null}}],"line":3},"1":{"loc":{"start":{"line":6,"column":9},"end":{"line":6,"column":null}},"type":"binary-expr","locations":[{"start":{"line":6,"column":9},"end":{"line":6,"column":34}},{"start":{"line":6,"column":34},"end":{"line":6,"column":null}}],"line":6},"2":{"loc":{"start":{"line":7,"column":6},"end":{"line":15,"column":null}},"type":"binary-expr","locations":[{"start":{"line":7,"column":6},"end":{"line":7,"column":15}},{"start":{"line":7,"column":15},"end":{"line":15,"column":null}}],"line":7},"3":{"loc":{"start":{"line":22,"column":20},"end":{"line":22,"column":null}},"type":"binary-expr","locations":[{"start":{"line":22,"column":20},"end":{"line":22,"column":51}},{"start":{"line":22,"column":51},"end":{"line":22,"column":null}}],"line":22}},"s":{"0":4,"1":4,"2":4,"3":3,"4":3,"5":3,"6":3,"7":3,"8":3,"9":3,"10":3,"11":3,"12":10,"13":8,"14":6,"15":0,"16":12},"f":{"0":3,"1":3,"2":10,"3":8,"4":6,"5":0,"6":12},"b":{"0":[4,4],"1":[4,4],"2":[4,0],"3":[3,3]},"meta":{"lastBranch":4,"lastFunction":7,"lastStatement":17,"seen":{"s:3:6:3:Infinity":0,"b:3:6:3:56:3:56:3:Infinity":0,"s:5:19:17:Infinity":1,"b:6:9:6:34:6:34:6:Infinity":1,"b:7:6:7:15:7:15:15:Infinity":2,"s:19:13:19:38":2,"f:21:16:21:40":0,"s:22:20:22:Infinity":3,"b:22:20:22:51:22:51:22:Infinity":3,"s:23:2:23:Infinity":4,"s:24:2:24:Infinity":5,"s:26:2:29:Infinity":6,"s:31:23:31:Infinity":7,"s:32:2:37:Infinity":8,"f:32:13:32:23":1,"s:33:4:36:Infinity":9,"s:37:4:37:Infinity":10,"s:40:2:40:Infinity":11,"f:43:16:43:30":2,"s:44:2:49:Infinity":12,"f:45:4:45:11":3,"s:45:39:45:79":13,"f:46:4:46:12":4,"s:46:41:46:80":14,"f:47:4:47:11":5,"s:47:39:47:79":15,"f:48:4:48:12":6,"s:48:40:48:Infinity":16}}}
,"C:\\Users\\luisc.DESKTOP-LGM74MM\\Documents\\PROYECTOS PROGRAMACION\\ibime-connect\\backend\\src\\infrastructure\\providers\\groq.provider.ts": {"path":"C:\\Users\\luisc.DESKTOP-LGM74MM\\Documents\\PROYECTOS PROGRAMACION\\ibime-connect\\backend\\src\\infrastructure\\providers\\groq.provider.ts","statementMap":{"0":{"start":{"line":6,"column":41},"end":{"line":6,"column":null}},"1":{"start":{"line":7,"column":42},"end":{"line":7,"column":null}},"2":{"start":{"line":8,"column":47},"end":{"line":8,"column":null}},"3":{"start":{"line":15,"column":10},"end":{"line":15,"column":43}},"4":{"start":{"line":17,"column":20},"end":{"line":23,"column":null}},"5":{"start":{"line":25,"column":4},"end":{"line":29,"column":null}},"6":{"start":{"line":31,"column":23},"end":{"line":31,"column":44}},"7":{"start":{"line":32,"column":22},"end":{"line":32,"column":91}},"8":{"start":{"line":32,"column":39},"end":{"line":32,"column":57}},"9":{"start":{"line":33,"column":22},"end":{"line":33,"column":32}},"10":{"start":{"line":35,"column":4},"end":{"line":79,"column":null}},"11":{"start":{"line":36,"column":23},"end":{"line":44,"column":8}},"12":{"start":{"line":46,"column":23},"end":{"line":46,"column":null}},"13":{"start":{"line":48,"column":6},"end":{"line":51,"column":null}},"14":{"start":{"line":49,"column":26},"end":{"line":49,"column":47}},"15":{"start":{"line":50,"column":8},"end":{"line":50,"column":null}},"16":{"start":{"line":51,"column":8},"end":{"line":51,"column":null}},"17":{"start":{"line":54,"column":20},"end":{"line":54,"column":41}},"18":{"start":{"line":55,"column":22},"end":{"line":55,"column":null}},"19":{"start":{"line":57,"column":6},"end":{"line":59,"column":null}},"20":{"start":{"line":58,"column":8},"end":{"line":58,"column":null}},"21":{"start":{"line":59,"column":8},"end":{"line":59,"column":null}},"22":{"start":{"line":62,"column":25},"end":{"line":62,"column":null}},"23":{"start":{"line":63,"column":6},"end":{"line":63,"column":null}},"24":{"start":{"line":65,"column":6},"end":{"line":69,"column":null}},"25":{"start":{"line":71,"column":23},"end":{"line":71,"column":null}},"26":{"start":{"line":72,"column":6},"end":{"line":74,"column":null}},"27":{"start":{"line":73,"column":8},"end":{"line":73,"column":null}},"28":{"start":{"line":74,"column":8},"end":{"line":74,"column":null}},"29":{"start":{"line":76,"column":6},"end":{"line":76,"column":null}},"30":{"start":{"line":77,"column":6},"end":{"line":77,"column":null}},"31":{"start":{"line":79,"column":6},"end":{"line":79,"column":null}}},"fnMap":{"0":{"name":"(anonymous_0)","decl":{"start":{"line":10,"column":8},"end":{"line":10,"column":null}},"loc":{"start":{"line":14,"column":26},"end":{"line":79,"column":null}},"line":14},"1":{"name":"(anonymous_1)","decl":{"start":{"line":32,"column":22},"end":{"line":32,"column":39}},"loc":{"start":{"line":32,"column":39},"end":{"line":32,"column":57}},"line":32}},"branchMap":{"0":{"loc":{"start":{"line":20,"column":19},"end":{"line":20,"column":null}},"type":"binary-expr","locations":[{"start":{"line":20,"column":19},"end":{"line":20,"column":43}},{"start":{"line":20,"column":43},"end":{"line":20,"column":null}}],"line":20},"1":{"loc":{"start":{"line":21,"column":18},"end":{"line":21,"column":null}},"type":"binary-expr","locations":[{"start":{"line":21,"column":18},"end":{"line":21,"column":40}},{"start":{"line":21,"column":40},"end":{"line":21,"column":null}}],"line":21},"2":{"loc":{"start":{"line":48,"column":6},"end":{"line":51,"column":null}},"type":"if","locations":[{"start":{"line":48,"column":6},"end":{"line":51,"column":null}},{"start":{},"end":{}}],"line":48},"3":{"loc":{"start":{"line":57,"column":6},"end":{"line":59,"column":null}},"type":"if","locations":[{"start":{"line":57,"column":6},"end":{"line":59,"column":null}},{"start":{},"end":{}}],"line":57},"4":{"loc":{"start":{"line":62,"column":25},"end":{"line":62,"column":null}},"type":"binary-expr","locations":[{"start":{"line":62,"column":25},"end":{"line":62,"column":54}},{"start":{"line":62,"column":54},"end":{"line":62,"column":null}}],"line":62},"5":{"loc":{"start":{"line":72,"column":6},"end":{"line":74,"column":null}},"type":"if","locations":[{"start":{"line":72,"column":6},"end":{"line":74,"column":null}},{"start":{},"end":{}}],"line":72}},"s":{"0":1,"1":1,"2":1,"3":0,"4":0,"5":0,"6":0,"7":0,"8":0,"9":0,"10":0,"11":0,"12":0,"13":0,"14":0,"15":0,"16":0,"17":0,"18":0,"19":0,"20":0,"21":0,"22":0,"23":0,"24":0,"25":0,"26":0,"27":0,"28":0,"29":0,"30":0,"31":0},"f":{"0":0,"1":0},"b":{"0":[0,0],"1":[0,0],"2":[0,0],"3":[0,0],"4":[0,0],"5":[0,0]},"meta":{"lastBranch":6,"lastFunction":2,"lastStatement":32,"seen":{"s:6:41:6:Infinity":0,"s:7:42:7:Infinity":1,"s:8:47:8:Infinity":2,"f:10:8:10:Infinity":0,"s:15:10:15:43":3,"s:17:20:23:Infinity":4,"b:20:19:20:43:20:43:20:Infinity":0,"b:21:18:21:40:21:40:21:Infinity":1,"s:25:4:29:Infinity":5,"s:31:23:31:44":6,"s:32:22:32:91":7,"f:32:22:32:39":1,"s:32:39:32:57":8,"s:33:22:33:32":9,"s:35:4:79:Infinity":10,"s:36:23:44:8":11,"s:46:23:46:Infinity":12,"b:48:6:51:Infinity:undefined:undefined:undefined:undefined":2,"s:48:6:51:Infinity":13,"s:49:26:49:47":14,"s:50:8:50:Infinity":15,"s:51:8:51:Infinity":16,"s:54:20:54:41":17,"s:55:22:55:Infinity":18,"b:57:6:59:Infinity:undefined:undefined:undefined:undefined":3,"s:57:6:59:Infinity":19,"s:58:8:58:Infinity":20,"s:59:8:59:Infinity":21,"s:62:25:62:Infinity":22,"b:62:25:62:54:62:54:62:Infinity":4,"s:63:6:63:Infinity":23,"s:65:6:69:Infinity":24,"s:71:23:71:Infinity":25,"b:72:6:74:Infinity:undefined:undefined:undefined:undefined":5,"s:72:6:74:Infinity":26,"s:73:8:73:Infinity":27,"s:74:8:74:Infinity":28,"s:76:6:76:Infinity":29,"s:77:6:77:Infinity":30,"s:79:6:79:Infinity":31}}}
,"C:\\Users\\luisc.DESKTOP-LGM74MM\\Documents\\PROYECTOS PROGRAMACION\\ibime-connect\\backend\\src\\infrastructure\\repositories\\knowledge.repository.ts": {"path":"C:\\Users\\luisc.DESKTOP-LGM74MM\\Documents\\PROYECTOS PROGRAMACION\\ibime-connect\\backend\\src\\infrastructure\\repositories\\knowledge.repository.ts","statementMap":{"0":{"start":{"line":12,"column":10},"end":{"line":12,"column":43}},"1":{"start":{"line":13,"column":22},"end":{"line":13,"column":32}},"2":{"start":{"line":15,"column":4},"end":{"line":45,"column":null}},"3":{"start":{"line":16,"column":30},"end":{"line":20,"column":8}},"4":{"start":{"line":22,"column":23},"end":{"line":22,"column":null}},"5":{"start":{"line":24,"column":6},"end":{"line":26,"column":null}},"6":{"start":{"line":25,"column":8},"end":{"line":25,"column":null}},"7":{"start":{"line":26,"column":8},"end":{"line":26,"column":null}},"8":{"start":{"line":29,"column":23},"end":{"line":29,"column":33}},"9":{"start":{"line":30,"column":6},"end":{"line":33,"column":null}},"10":{"start":{"line":35,"column":6},"end":{"line":41,"column":null}},"11":{"start":{"line":35,"column":40},"end":{"line":41,"column":27}},"12":{"start":{"line":43,"column":23},"end":{"line":43,"column":null}},"13":{"start":{"line":44,"column":6},"end":{"line":44,"column":null}},"14":{"start":{"line":45,"column":6},"end":{"line":45,"column":null}}},"fnMap":{"0":{"name":"(anonymous_0)","decl":{"start":{"line":6,"column":8},"end":{"line":6,"column":null}},"loc":{"start":{"line":11,"column":31},"end":{"line":45,"column":null}},"line":11},"1":{"name":"(anonymous_1)","decl":{"start":{"line":35,"column":21},"end":{"line":35,"column":26}},"loc":{"start":{"line":35,"column":40},"end":{"line":41,"column":27}},"line":35}},"branchMap":{"0":{"loc":{"start":{"line":8,"column":4},"end":{"line":8,"column":null}},"type":"default-arg","locations":[{"start":{"line":8,"column":25},"end":{"line":8,"column":null}}],"line":8},"1":{"loc":{"start":{"line":9,"column":4},"end":{"line":9,"column":null}},"type":"default-arg","locations":[{"start":{"line":9,"column":29},"end":{"line":9,"column":null}}],"line":9},"2":{"loc":{"start":{"line":24,"column":6},"end":{"line":26,"column":null}},"type":"if","locations":[{"start":{"line":24,"column":6},"end":{"line":26,"column":null}},{"start":{},"end":{}}],"line":24},"3":{"loc":{"start":{"line":29,"column":23},"end":{"line":29,"column":33}},"type":"binary-expr","locations":[{"start":{"line":29,"column":23},"end":{"line":29,"column":31}},{"start":{"line":29,"column":31},"end":{"line":29,"column":33}}],"line":29}},"s":{"0":0,"1":0,"2":0,"3":0,"4":0,"5":0,"6":0,"7":0,"8":0,"9":0,"10":0,"11":0,"12":0,"13":0,"14":0},"f":{"0":0,"1":0},"b":{"0":[0],"1":[0],"2":[0,0],"3":[0,0]},"meta":{"lastBranch":4,"lastFunction":2,"lastStatement":15,"seen":{"f:6:8:6:Infinity":0,"b:8:25:8:Infinity":0,"b:9:29:9:Infinity":1,"s:12:10:12:43":0,"s:13:22:13:32":1,"s:15:4:45:Infinity":2,"s:16:30:20:8":3,"s:22:23:22:Infinity":4,"b:24:6:26:Infinity:undefined:undefined:undefined:undefined":2,"s:24:6:26:Infinity":5,"s:25:8:25:Infinity":6,"s:26:8:26:Infinity":7,"s:29:23:29:33":8,"b:29:23:29:31:29:31:29:33":3,"s:30:6:33:Infinity":9,"s:35:6:41:Infinity":10,"f:35:21:35:26":1,"s:35:40:41:27":11,"s:43:23:43:Infinity":12,"s:44:6:44:Infinity":13,"s:45:6:45:Infinity":14}}}
,"C:\\Users\\luisc.DESKTOP-LGM74MM\\Documents\\PROYECTOS PROGRAMACION\\ibime-connect\\backend\\src\\middlewares\\error.middleware.ts": {"path":"C:\\Users\\luisc.DESKTOP-LGM74MM\\Documents\\PROYECTOS PROGRAMACION\\ibime-connect\\backend\\src\\middlewares\\error.middleware.ts","statementMap":{"0":{"start":{"line":4,"column":13},"end":{"line":19,"column":null}},"1":{"start":{"line":5,"column":21},"end":{"line":5,"column":null}},"2":{"start":{"line":6,"column":8},"end":{"line":6,"column":41}},"3":{"start":{"line":8,"column":2},"end":{"line":13,"column":null}},"4":{"start":{"line":15,"column":2},"end":{"line":19,"column":null}}},"fnMap":{"0":{"name":"(anonymous_0)","decl":{"start":{"line":4,"column":13},"end":{"line":4,"column":29}},"loc":{"start":{"line":4,"column":93},"end":{"line":19,"column":null}},"line":4}},"branchMap":{"0":{"loc":{"start":{"line":5,"column":21},"end":{"line":5,"column":null}},"type":"binary-expr","locations":[{"start":{"line":5,"column":21},"end":{"line":5,"column":46}},{"start":{"line":5,"column":46},"end":{"line":5,"column":null}}],"line":5},"1":{"loc":{"start":{"line":17,"column":11},"end":{"line":17,"column":null}},"type":"binary-expr","locations":[{"start":{"line":17,"column":11},"end":{"line":17,"column":26}},{"start":{"line":17,"column":26},"end":{"line":17,"column":null}}],"line":17}},"s":{"0":1,"1":0,"2":0,"3":0,"4":0},"f":{"0":0},"b":{"0":[0,0],"1":[0,0]},"meta":{"lastBranch":2,"lastFunction":1,"lastStatement":5,"seen":{"s:4:13:19:Infinity":0,"f:4:13:4:29":0,"s:5:21:5:Infinity":1,"b:5:21:5:46:5:46:5:Infinity":0,"s:6:8:6:41":2,"s:8:2:13:Infinity":3,"s:15:2:19:Infinity":4,"b:17:11:17:26:17:26:17:Infinity":1}}}
,"C:\\Users\\luisc.DESKTOP-LGM74MM\\Documents\\PROYECTOS PROGRAMACION\\ibime-connect\\backend\\src\\routes\\api.routes.ts": {"path":"C:\\Users\\luisc.DESKTOP-LGM74MM\\Documents\\PROYECTOS PROGRAMACION\\ibime-connect\\backend\\src\\routes\\api.routes.ts","statementMap":{"0":{"start":{"line":6,"column":6},"end":{"line":6,"column":23}},"1":{"start":{"line":9,"column":0},"end":{"line":11,"column":null}},"2":{"start":{"line":10,"column":2},"end":{"line":10,"column":65}},"3":{"start":{"line":13,"column":0},"end":{"line":15,"column":null}},"4":{"start":{"line":14,"column":2},"end":{"line":14,"column":67}},"5":{"start":{"line":17,"column":0},"end":{"line":19,"column":null}},"6":{"start":{"line":18,"column":2},"end":{"line":18,"column":74}},"7":{"start":{"line":22,"column":0},"end":{"line":24,"column":null}},"8":{"start":{"line":23,"column":2},"end":{"line":23,"column":65}},"9":{"start":{"line":26,"column":0},"end":{"line":28,"column":null}},"10":{"start":{"line":27,"column":2},"end":{"line":27,"column":67}},"11":{"start":{"line":30,"column":0},"end":{"line":32,"column":null}},"12":{"start":{"line":31,"column":2},"end":{"line":31,"column":74}}},"fnMap":{"0":{"name":"(anonymous_0)","decl":{"start":{"line":9,"column":12},"end":{"line":9,"column":25}},"loc":{"start":{"line":10,"column":2},"end":{"line":10,"column":65}},"line":10},"1":{"name":"(anonymous_1)","decl":{"start":{"line":13,"column":12},"end":{"line":13,"column":28}},"loc":{"start":{"line":14,"column":2},"end":{"line":14,"column":67}},"line":14},"2":{"name":"(anonymous_2)","decl":{"start":{"line":17,"column":12},"end":{"line":17,"column":34}},"loc":{"start":{"line":18,"column":2},"end":{"line":18,"column":74}},"line":18},"3":{"name":"(anonymous_3)","decl":{"start":{"line":22,"column":12},"end":{"line":22,"column":22}},"loc":{"start":{"line":23,"column":2},"end":{"line":23,"column":65}},"line":23},"4":{"name":"(anonymous_4)","decl":{"start":{"line":26,"column":12},"end":{"line":26,"column":25}},"loc":{"start":{"line":27,"column":2},"end":{"line":27,"column":67}},"line":27},"5":{"name":"(anonymous_5)","decl":{"start":{"line":30,"column":12},"end":{"line":30,"column":31}},"loc":{"start":{"line":31,"column":2},"end":{"line":31,"column":74}},"line":31}},"branchMap":{},"s":{"0":1,"1":1,"2":0,"3":1,"4":0,"5":1,"6":0,"7":1,"8":1,"9":1,"10":0,"11":1,"12":1},"f":{"0":0,"1":0,"2":0,"3":1,"4":0,"5":1},"b":{},"meta":{"lastBranch":0,"lastFunction":6,"lastStatement":13,"seen":{"s:6:6:6:23":0,"s:9:0:11:Infinity":1,"f:9:12:9:25":0,"s:10:2:10:65":2,"s:13:0:15:Infinity":3,"f:13:12:13:28":1,"s:14:2:14:67":4,"s:17:0:19:Infinity":5,"f:17:12:17:34":2,"s:18:2:18:74":6,"s:22:0:24:Infinity":7,"f:22:12:22:22":3,"s:23:2:23:65":8,"s:26:0:28:Infinity":9,"f:26:12:26:25":4,"s:27:2:27:67":10,"s:30:0:32:Infinity":11,"f:30:12:30:31":5,"s:31:2:31:74":12}}}
,"C:\\Users\\luisc.DESKTOP-LGM74MM\\Documents\\PROYECTOS PROGRAMACION\\ibime-connect\\backend\\src\\services\\chat.service.ts": {"path":"C:\\Users\\luisc.DESKTOP-LGM74MM\\Documents\\PROYECTOS PROGRAMACION\\ibime-connect\\backend\\src\\services\\chat.service.ts","statementMap":{"0":{"start":{"line":7,"column":48},"end":{"line":7,"column":null}},"1":{"start":{"line":47,"column":12},"end":{"line":47,"column":null}},"2":{"start":{"line":48,"column":12},"end":{"line":48,"column":null}},"3":{"start":{"line":58,"column":10},"end":{"line":58,"column":43}},"4":{"start":{"line":59,"column":49},"end":{"line":59,"column":null}},"5":{"start":{"line":61,"column":4},"end":{"line":64,"column":null}},"6":{"start":{"line":66,"column":22},"end":{"line":66,"column":32}},"7":{"start":{"line":68,"column":4},"end":{"line":96,"column":null}},"8":{"start":{"line":69,"column":6},"end":{"line":69,"column":null}},"9":{"start":{"line":70,"column":47},"end":{"line":70,"column":119}},"10":{"start":{"line":72,"column":27},"end":{"line":72,"column":null}},"11":{"start":{"line":73,"column":26},"end":{"line":80,"column":null}},"12":{"start":{"line":75,"column":43},"end":{"line":78,"column":11}},"13":{"start":{"line":82,"column":6},"end":{"line":82,"column":null}},"14":{"start":{"line":83,"column":46},"end":{"line":83,"column":118}},"15":{"start":{"line":85,"column":23},"end":{"line":85,"column":null}},"16":{"start":{"line":86,"column":6},"end":{"line":86,"column":null}},"17":{"start":{"line":88,"column":6},"end":{"line":92,"column":null}},"18":{"start":{"line":94,"column":23},"end":{"line":94,"column":null}},"19":{"start":{"line":95,"column":6},"end":{"line":95,"column":null}},"20":{"start":{"line":96,"column":6},"end":{"line":96,"column":null}}},"fnMap":{"0":{"name":"(anonymous_0)","decl":{"start":{"line":46,"column":2},"end":{"line":46,"column":null}},"loc":{"start":{"line":49,"column":4},"end":{"line":48,"column":null}},"line":49},"1":{"name":"(anonymous_1)","decl":{"start":{"line":51,"column":8},"end":{"line":51,"column":null}},"loc":{"start":{"line":57,"column":27},"end":{"line":96,"column":null}},"line":57},"2":{"name":"(anonymous_2)","decl":{"start":{"line":75,"column":31},"end":{"line":75,"column":36}},"loc":{"start":{"line":75,"column":43},"end":{"line":78,"column":11}},"line":75}},"branchMap":{},"s":{"0":2,"1":4,"2":4,"3":3,"4":3,"5":3,"6":3,"7":3,"8":3,"9":3,"10":3,"11":3,"12":2,"13":3,"14":3,"15":2,"16":2,"17":2,"18":1,"19":1,"20":1},"f":{"0":4,"1":3,"2":2},"b":{},"meta":{"lastBranch":0,"lastFunction":3,"lastStatement":21,"seen":{"s:7:48:7:Infinity":0,"f:46:2:46:Infinity":0,"s:47:12:47:Infinity":1,"s:48:12:48:Infinity":2,"f:51:8:51:Infinity":1,"s:58:10:58:43":3,"s:59:49:59:Infinity":4,"s:61:4:64:Infinity":5,"s:66:22:66:32":6,"s:68:4:96:Infinity":7,"s:69:6:69:Infinity":8,"s:70:47:70:119":9,"s:72:27:72:Infinity":10,"s:73:26:80:Infinity":11,"f:75:31:75:36":2,"s:75:43:78:11":12,"s:82:6:82:Infinity":13,"s:83:46:83:118":14,"s:85:23:85:Infinity":15,"s:86:6:86:Infinity":16,"s:88:6:92:Infinity":17,"s:94:23:94:Infinity":18,"s:95:6:95:Infinity":19,"s:96:6:96:Infinity":20}}}
,"C:\\Users\\luisc.DESKTOP-LGM74MM\\Documents\\PROYECTOS PROGRAMACION\\ibime-connect\\backend\\src\\services\\contact.service.ts": {"path":"C:\\Users\\luisc.DESKTOP-LGM74MM\\Documents\\PROYECTOS PROGRAMACION\\ibime-connect\\backend\\src\\services\\contact.service.ts","statementMap":{"0":{"start":{"line":11,"column":22},"end":{"line":17,"column":8}},"1":{"start":{"line":19,"column":4},"end":{"line":28,"column":null}},"2":{"start":{"line":20,"column":6},"end":{"line":27,"column":null}},"3":{"start":{"line":28,"column":6},"end":{"line":28,"column":null}},"4":{"start":{"line":31,"column":4},"end":{"line":31,"column":null}}},"fnMap":{"0":{"name":"(anonymous_0)","decl":{"start":{"line":10,"column":15},"end":{"line":10,"column":29}},"loc":{"start":{"line":10,"column":51},"end":{"line":31,"column":null}},"line":10}},"branchMap":{"0":{"loc":{"start":{"line":19,"column":4},"end":{"line":28,"column":null}},"type":"if","locations":[{"start":{"line":19,"column":4},"end":{"line":28,"column":null}},{"start":{},"end":{}}],"line":19}},"s":{"0":0,"1":0,"2":0,"3":0,"4":0},"f":{"0":1},"b":{"0":[0,0]},"meta":{"lastBranch":1,"lastFunction":1,"lastStatement":5,"seen":{"f:10:15:10:29":0,"s:11:22:17:8":0,"b:19:4:28:Infinity:undefined:undefined:undefined:undefined":0,"s:19:4:28:Infinity":1,"s:20:6:27:Infinity":2,"s:28:6:28:Infinity":3,"s:31:4:31:Infinity":4}}}
,"C:\\Users\\luisc.DESKTOP-LGM74MM\\Documents\\PROYECTOS PROGRAMACION\\ibime-connect\\backend\\src\\services\\embedding.service.ts": {"path":"C:\\Users\\luisc.DESKTOP-LGM74MM\\Documents\\PROYECTOS PROGRAMACION\\ibime-connect\\backend\\src\\services\\embedding.service.ts","statementMap":{"0":{"start":{"line":7,"column":4},"end":{"line":7,"column":null}},"1":{"start":{"line":10,"column":10},"end":{"line":10,"column":43}},"2":{"start":{"line":12,"column":4},"end":{"line":14,"column":null}},"3":{"start":{"line":13,"column":6},"end":{"line":13,"column":null}},"4":{"start":{"line":14,"column":6},"end":{"line":14,"column":null}},"5":{"start":{"line":17,"column":4},"end":{"line":17,"column":null}},"6":{"start":{"line":18,"column":22},"end":{"line":18,"column":32}},"7":{"start":{"line":20,"column":4},"end":{"line":52,"column":null}},"8":{"start":{"line":21,"column":23},"end":{"line":31,"column":8}},"9":{"start":{"line":33,"column":23},"end":{"line":33,"column":null}},"10":{"start":{"line":35,"column":6},"end":{"line":38,"column":null}},"11":{"start":{"line":36,"column":22},"end":{"line":36,"column":43}},"12":{"start":{"line":37,"column":8},"end":{"line":37,"column":null}},"13":{"start":{"line":38,"column":8},"end":{"line":38,"column":null}},"14":{"start":{"line":41,"column":20},"end":{"line":41,"column":41}},"15":{"start":{"line":43,"column":6},"end":{"line":46,"column":null}},"16":{"start":{"line":48,"column":6},"end":{"line":48,"column":null}},"17":{"start":{"line":50,"column":23},"end":{"line":50,"column":null}},"18":{"start":{"line":51,"column":6},"end":{"line":51,"column":null}},"19":{"start":{"line":52,"column":6},"end":{"line":52,"column":null}}},"fnMap":{"0":{"name":"(anonymous_0)","decl":{"start":{"line":9,"column":8},"end":{"line":9,"column":21}},"loc":{"start":{"line":9,"column":74},"end":{"line":52,"column":null}},"line":9}},"branchMap":{"0":{"loc":{"start":{"line":12,"column":4},"end":{"line":14,"column":null}},"type":"if","locations":[{"start":{"line":12,"column":4},"end":{"line":14,"column":null}},{"start":{},"end":{}}],"line":12},"1":{"loc":{"start":{"line":12,"column":8},"end":{"line":12,"column":43}},"type":"binary-expr","locations":[{"start":{"line":12,"column":8},"end":{"line":12,"column":17}},{"start":{"line":12,"column":17},"end":{"line":12,"column":43}}],"line":12},"2":{"loc":{"start":{"line":35,"column":6},"end":{"line":38,"column":null}},"type":"if","locations":[{"start":{"line":35,"column":6},"end":{"line":38,"column":null}},{"start":{},"end":{}}],"line":35}},"s":{"0":2,"1":4,"2":4,"3":1,"4":1,"5":3,"6":3,"7":3,"8":3,"9":2,"10":2,"11":1,"12":1,"13":1,"14":1,"15":1,"16":1,"17":2,"18":2,"19":2},"f":{"0":4},"b":{"0":[1,3],"1":[4,3],"2":[1,1]},"meta":{"lastBranch":3,"lastFunction":1,"lastStatement":20,"seen":{"s:7:4:7:Infinity":0,"f:9:8:9:21":0,"s:10:10:10:43":1,"b:12:4:14:Infinity:undefined:undefined:undefined:undefined":0,"s:12:4:14:Infinity":2,"b:12:8:12:17:12:17:12:43":1,"s:13:6:13:Infinity":3,"s:14:6:14:Infinity":4,"s:17:4:17:Infinity":5,"s:18:22:18:32":6,"s:20:4:52:Infinity":7,"s:21:23:31:8":8,"s:33:23:33:Infinity":9,"b:35:6:38:Infinity:undefined:undefined:undefined:undefined":2,"s:35:6:38:Infinity":10,"s:36:22:36:43":11,"s:37:8:37:Infinity":12,"s:38:8:38:Infinity":13,"s:41:20:41:41":14,"s:43:6:46:Infinity":15,"s:48:6:48:Infinity":16,"s:50:23:50:Infinity":17,"s:51:6:51:Infinity":18,"s:52:6:52:Infinity":19}}}
,"C:\\Users\\luisc.DESKTOP-LGM74MM\\Documents\\PROYECTOS PROGRAMACION\\ibime-connect\\backend\\src\\services\\rag.service.ts": {"path":"C:\\Users\\luisc.DESKTOP-LGM74MM\\Documents\\PROYECTOS PROGRAMACION\\ibime-connect\\backend\\src\\services\\rag.service.ts","statementMap":{"0":{"start":{"line":7,"column":25},"end":{"line":7,"column":43}},"1":{"start":{"line":8,"column":45},"end":{"line":8,"column":null}},"2":{"start":{"line":9,"column":38},"end":{"line":9,"column":null}},"3":{"start":{"line":12,"column":12},"end":{"line":12,"column":null}},"4":{"start":{"line":13,"column":12},"end":{"line":13,"column":null}},"5":{"start":{"line":21,"column":10},"end":{"line":21,"column":43}},"6":{"start":{"line":22,"column":22},"end":{"line":22,"column":32}},"7":{"start":{"line":24,"column":4},"end":{"line":72,"column":null}},"8":{"start":{"line":25,"column":23},"end":{"line":25,"column":null}},"9":{"start":{"line":26,"column":21},"end":{"line":26,"column":117}},"10":{"start":{"line":28,"column":6},"end":{"line":30,"column":null}},"11":{"start":{"line":29,"column":8},"end":{"line":29,"column":null}},"12":{"start":{"line":30,"column":8},"end":{"line":30,"column":null}},"13":{"start":{"line":34,"column":32},"end":{"line":34,"column":null}},"14":{"start":{"line":35,"column":22},"end":{"line":35,"column":89}},"15":{"start":{"line":37,"column":6},"end":{"line":43,"column":null}},"16":{"start":{"line":38,"column":8},"end":{"line":38,"column":null}},"17":{"start":{"line":39,"column":8},"end":{"line":39,"column":null}},"18":{"start":{"line":41,"column":8},"end":{"line":41,"column":null}},"19":{"start":{"line":43,"column":8},"end":{"line":43,"column":null}},"20":{"start":{"line":46,"column":22},"end":{"line":50,"column":null}},"21":{"start":{"line":54,"column":8},"end":{"line":58,"column":null}},"22":{"start":{"line":56,"column":34},"end":{"line":56,"column":96}},"23":{"start":{"line":60,"column":21},"end":{"line":60,"column":null}},"24":{"start":{"line":63,"column":6},"end":{"line":63,"column":null}},"25":{"start":{"line":65,"column":23},"end":{"line":65,"column":null}},"26":{"start":{"line":66,"column":6},"end":{"line":66,"column":null}},"27":{"start":{"line":68,"column":6},"end":{"line":68,"column":null}},"28":{"start":{"line":70,"column":23},"end":{"line":70,"column":null}},"29":{"start":{"line":71,"column":6},"end":{"line":71,"column":null}},"30":{"start":{"line":72,"column":6},"end":{"line":72,"column":null}}},"fnMap":{"0":{"name":"(anonymous_0)","decl":{"start":{"line":11,"column":2},"end":{"line":11,"column":null}},"loc":{"start":{"line":14,"column":4},"end":{"line":13,"column":null}},"line":14},"1":{"name":"(anonymous_1)","decl":{"start":{"line":16,"column":8},"end":{"line":16,"column":null}},"loc":{"start":{"line":20,"column":61},"end":{"line":72,"column":null}},"line":20},"2":{"name":"(anonymous_2)","decl":{"start":{"line":56,"column":20},"end":{"line":56,"column":25}},"loc":{"start":{"line":56,"column":34},"end":{"line":56,"column":96}},"line":56}},"branchMap":{"0":{"loc":{"start":{"line":28,"column":6},"end":{"line":30,"column":null}},"type":"if","locations":[{"start":{"line":28,"column":6},"end":{"line":30,"column":null}},{"start":{},"end":{}}],"line":28},"1":{"loc":{"start":{"line":37,"column":6},"end":{"line":43,"column":null}},"type":"if","locations":[{"start":{"line":37,"column":6},"end":{"line":43,"column":null}},{"start":{"line":42,"column":13},"end":{"line":43,"column":null}}],"line":37},"2":{"loc":{"start":{"line":48,"column":8},"end":{"line":48,"column":null}},"type":"binary-expr","locations":[{"start":{"line":48,"column":8},"end":{"line":48,"column":31}},{"start":{"line":48,"column":31},"end":{"line":48,"column":null}}],"line":48},"3":{"loc":{"start":{"line":49,"column":8},"end":{"line":49,"column":null}},"type":"binary-expr","locations":[{"start":{"line":49,"column":8},"end":{"line":49,"column":30}},{"start":{"line":49,"column":30},"end":{"line":49,"column":null}}],"line":49},"4":{"loc":{"start":{"line":54,"column":8},"end":{"line":58,"column":null}},"type":"cond-expr","locations":[{"start":{"line":55,"column":12},"end":{"line":57,"column":null}},{"start":{"line":58,"column":12},"end":{"line":58,"column":null}}],"line":54},"5":{"loc":{"start":{"line":56,"column":48},"end":{"line":56,"column":84}},"type":"cond-expr","locations":[{"start":{"line":56,"column":58},"end":{"line":56,"column":79}},{"start":{"line":56,"column":79},"end":{"line":56,"column":84}}],"line":56}},"s":{"0":4,"1":4,"2":2,"3":4,"4":4,"5":3,"6":3,"7":3,"8":3,"9":3,"10":3,"11":0,"12":0,"13":3,"14":3,"15":3,"16":3,"17":3,"18":2,"19":0,"20":2,"21":2,"22":1,"23":3,"24":3,"25":2,"26":2,"27":2,"28":1,"29":1,"30":1},"f":{"0":4,"1":3,"2":1},"b":{"0":[0,3],"1":[3,0],"2":[2,2],"3":[3,2],"4":[1,1],"5":[1,0]},"meta":{"lastBranch":6,"lastFunction":3,"lastStatement":31,"seen":{"s:7:25:7:43":0,"s:8:45:8:Infinity":1,"s:9:38:9:Infinity":2,"f:11:2:11:Infinity":0,"s:12:12:12:Infinity":3,"s:13:12:13:Infinity":4,"f:16:8:16:Infinity":1,"s:21:10:21:43":5,"s:22:22:22:32":6,"s:24:4:72:Infinity":7,"s:25:23:25:Infinity":8,"s:26:21:26:117":9,"b:28:6:30:Infinity:undefined:undefined:undefined:undefined":0,"s:28:6:30:Infinity":10,"s:29:8:29:Infinity":11,"s:30:8:30:Infinity":12,"s:34:32:34:Infinity":13,"s:35:22:35:89":14,"b:37:6:43:Infinity:42:13:43:Infinity":1,"s:37:6:43:Infinity":15,"s:38:8:38:Infinity":16,"s:39:8:39:Infinity":17,"s:41:8:41:Infinity":18,"s:43:8:43:Infinity":19,"s:46:22:50:Infinity":20,"b:48:8:48:31:48:31:48:Infinity":2,"b:49:8:49:30:49:30:49:Infinity":3,"s:54:8:58:Infinity":21,"b:55:12:57:Infinity:58:12:58:Infinity":4,"f:56:20:56:25":2,"s:56:34:56:96":22,"b:56:58:56:79:56:79:56:84":5,"s:60:21:60:Infinity":23,"s:63:6:63:Infinity":24,"s:65:23:65:Infinity":25,"s:66:6:66:Infinity":26,"s:68:6:68:Infinity":27,"s:70:23:70:Infinity":28,"s:71:6:71:Infinity":29,"s:72:6:72:Infinity":30}}}
,"C:\\Users\\luisc.DESKTOP-LGM74MM\\Documents\\PROYECTOS PROGRAMACION\\ibime-connect\\backend\\src\\services\\registration.service.ts": {"path":"C:\\Users\\luisc.DESKTOP-LGM74MM\\Documents\\PROYECTOS PROGRAMACION\\ibime-connect\\backend\\src\\services\\registration.service.ts","statementMap":{"0":{"start":{"line":12,"column":22},"end":{"line":19,"column":8}},"1":{"start":{"line":21,"column":4},"end":{"line":31,"column":null}},"2":{"start":{"line":22,"column":6},"end":{"line":30,"column":null}},"3":{"start":{"line":31,"column":6},"end":{"line":31,"column":null}},"4":{"start":{"line":34,"column":4},"end":{"line":34,"column":null}}},"fnMap":{"0":{"name":"(anonymous_0)","decl":{"start":{"line":11,"column":15},"end":{"line":11,"column":24}},"loc":{"start":{"line":11,"column":50},"end":{"line":34,"column":null}},"line":11}},"branchMap":{"0":{"loc":{"start":{"line":21,"column":4},"end":{"line":31,"column":null}},"type":"if","locations":[{"start":{"line":21,"column":4},"end":{"line":31,"column":null}},{"start":{},"end":{}}],"line":21}},"s":{"0":0,"1":0,"2":0,"3":0,"4":0},"f":{"0":1},"b":{"0":[0,0]},"meta":{"lastBranch":1,"lastFunction":1,"lastStatement":5,"seen":{"f:11:15:11:24":0,"s:12:22:19:8":0,"b:21:4:31:Infinity:undefined:undefined:undefined:undefined":0,"s:21:4:31:Infinity":1,"s:22:6:30:Infinity":2,"s:31:6:31:Infinity":3,"s:34:4:34:Infinity":4}}}
}
